Analysis & Synthesis report for fre_meter
Fri Aug 02 11:55:57 2019
Quartus II 64-Bit Version 13.1.0 Build 162 10/23/2013 SJ Full Version


---------------------
; Table of Contents ;
---------------------
  1. Legal Notice
  2. Analysis & Synthesis Summary
  3. Analysis & Synthesis Settings
  4. Parallel Compilation
  5. Analysis & Synthesis Source Files Read
  6. Analysis & Synthesis Resource Usage Summary
  7. Analysis & Synthesis Resource Utilization by Entity
  8. Registers Removed During Synthesis
  9. General Register Statistics
 10. Inverted Register Statistics
 11. Multiplexer Restructuring Statistics (Restructuring Performed)
 12. Parameter Settings for User Entity Instance: Top-level Entity: |fre_meter
 13. Parameter Settings for User Entity Instance: clk_div:u_clk_div_data
 14. Parameter Settings for User Entity Instance: clk_div:u_clk_div_sam
 15. Parameter Settings for User Entity Instance: data:u_data0
 16. Parameter Settings for User Entity Instance: uart_send:u_uart_send
 17. Parameter Settings for Inferred Entity Instance: meter:u_meter1|lpm_divide:Div0
 18. Parameter Settings for Inferred Entity Instance: meter:u_meter3|lpm_divide:Div0
 19. Parameter Settings for Inferred Entity Instance: meter:u_meter2|lpm_divide:Div0
 20. Parameter Settings for Inferred Entity Instance: meter:u_meter0|lpm_divide:Div0
 21. Port Connectivity Checks: "uart_send:u_uart_send"
 22. Port Connectivity Checks: "data:u_data0"
 23. Elapsed Time Per Partition
 24. Analysis & Synthesis Messages
 25. Analysis & Synthesis Suppressed Messages



----------------
; Legal Notice ;
----------------
Copyright (C) 1991-2013 Altera Corporation
Your use of Altera Corporation's design tools, logic functions 
and other software and tools, and its AMPP partner logic 
functions, and any output files from any of the foregoing 
(including device programming or simulation files), and any 
associated documentation or information are expressly subject 
to the terms and conditions of the Altera Program License 
Subscription Agreement, Altera MegaCore Function License 
Agreement, or other applicable license agreement, including, 
without limitation, that your use is for the sole purpose of 
programming logic devices manufactured by Altera and sold by 
Altera or its authorized distributors.  Please refer to the 
applicable agreement for further details.



+----------------------------------------------------------------------------------+
; Analysis & Synthesis Summary                                                     ;
+------------------------------------+---------------------------------------------+
; Analysis & Synthesis Status        ; Successful - Fri Aug 02 11:55:57 2019       ;
; Quartus II 64-Bit Version          ; 13.1.0 Build 162 10/23/2013 SJ Full Version ;
; Revision Name                      ; fre_meter                                   ;
; Top-level Entity Name              ; fre_meter                                   ;
; Family                             ; Cyclone IV E                                ;
; Total logic elements               ; 6,151                                       ;
;     Total combinational functions  ; 6,058                                       ;
;     Dedicated logic registers      ; 535                                         ;
; Total registers                    ; 535                                         ;
; Total pins                         ; 11                                          ;
; Total virtual pins                 ; 0                                           ;
; Total memory bits                  ; 0                                           ;
; Embedded Multiplier 9-bit elements ; 0                                           ;
; Total PLLs                         ; 0                                           ;
+------------------------------------+---------------------------------------------+


+----------------------------------------------------------------------------------------------------------------------+
; Analysis & Synthesis Settings                                                                                        ;
+----------------------------------------------------------------------------+--------------------+--------------------+
; Option                                                                     ; Setting            ; Default Value      ;
+----------------------------------------------------------------------------+--------------------+--------------------+
; Device                                                                     ; EP4CE6E22C8        ;                    ;
; Top-level entity name                                                      ; fre_meter          ; fre_meter          ;
; Family name                                                                ; Cyclone IV E       ; Cyclone IV GX      ;
; Use smart compilation                                                      ; Off                ; Off                ;
; Enable parallel Assembler and TimeQuest Timing Analyzer during compilation ; On                 ; On                 ;
; Enable compact report table                                                ; Off                ; Off                ;
; Restructure Multiplexers                                                   ; Auto               ; Auto               ;
; Create Debugging Nodes for IP Cores                                        ; Off                ; Off                ;
; Preserve fewer node names                                                  ; On                 ; On                 ;
; Disable OpenCore Plus hardware evaluation                                  ; Off                ; Off                ;
; Verilog Version                                                            ; Verilog_2001       ; Verilog_2001       ;
; VHDL Version                                                               ; VHDL_1993          ; VHDL_1993          ;
; State Machine Processing                                                   ; Auto               ; Auto               ;
; Safe State Machine                                                         ; Off                ; Off                ;
; Extract Verilog State Machines                                             ; On                 ; On                 ;
; Extract VHDL State Machines                                                ; On                 ; On                 ;
; Ignore Verilog initial constructs                                          ; Off                ; Off                ;
; Iteration limit for constant Verilog loops                                 ; 5000               ; 5000               ;
; Iteration limit for non-constant Verilog loops                             ; 250                ; 250                ;
; Add Pass-Through Logic to Inferred RAMs                                    ; On                 ; On                 ;
; Infer RAMs from Raw Logic                                                  ; On                 ; On                 ;
; Parallel Synthesis                                                         ; On                 ; On                 ;
; DSP Block Balancing                                                        ; Auto               ; Auto               ;
; NOT Gate Push-Back                                                         ; On                 ; On                 ;
; Power-Up Don't Care                                                        ; On                 ; On                 ;
; Remove Redundant Logic Cells                                               ; Off                ; Off                ;
; Remove Duplicate Registers                                                 ; On                 ; On                 ;
; Ignore CARRY Buffers                                                       ; Off                ; Off                ;
; Ignore CASCADE Buffers                                                     ; Off                ; Off                ;
; Ignore GLOBAL Buffers                                                      ; Off                ; Off                ;
; Ignore ROW GLOBAL Buffers                                                  ; Off                ; Off                ;
; Ignore LCELL Buffers                                                       ; Off                ; Off                ;
; Ignore SOFT Buffers                                                        ; On                 ; On                 ;
; Limit AHDL Integers to 32 Bits                                             ; Off                ; Off                ;
; Optimization Technique                                                     ; Balanced           ; Balanced           ;
; Carry Chain Length                                                         ; 70                 ; 70                 ;
; Auto Carry Chains                                                          ; On                 ; On                 ;
; Auto Open-Drain Pins                                                       ; On                 ; On                 ;
; Perform WYSIWYG Primitive Resynthesis                                      ; Off                ; Off                ;
; Auto ROM Replacement                                                       ; On                 ; On                 ;
; Auto RAM Replacement                                                       ; On                 ; On                 ;
; Auto DSP Block Replacement                                                 ; On                 ; On                 ;
; Auto Shift Register Replacement                                            ; Auto               ; Auto               ;
; Allow Shift Register Merging across Hierarchies                            ; Auto               ; Auto               ;
; Auto Clock Enable Replacement                                              ; On                 ; On                 ;
; Strict RAM Replacement                                                     ; Off                ; Off                ;
; Allow Synchronous Control Signals                                          ; On                 ; On                 ;
; Force Use of Synchronous Clear Signals                                     ; Off                ; Off                ;
; Auto RAM Block Balancing                                                   ; On                 ; On                 ;
; Auto RAM to Logic Cell Conversion                                          ; Off                ; Off                ;
; Auto Resource Sharing                                                      ; Off                ; Off                ;
; Allow Any RAM Size For Recognition                                         ; Off                ; Off                ;
; Allow Any ROM Size For Recognition                                         ; Off                ; Off                ;
; Allow Any Shift Register Size For Recognition                              ; Off                ; Off                ;
; Use LogicLock Constraints during Resource Balancing                        ; On                 ; On                 ;
; Ignore translate_off and synthesis_off directives                          ; Off                ; Off                ;
; Timing-Driven Synthesis                                                    ; On                 ; On                 ;
; Report Parameter Settings                                                  ; On                 ; On                 ;
; Report Source Assignments                                                  ; On                 ; On                 ;
; Report Connectivity Checks                                                 ; On                 ; On                 ;
; Ignore Maximum Fan-Out Assignments                                         ; Off                ; Off                ;
; Synchronization Register Chain Length                                      ; 2                  ; 2                  ;
; PowerPlay Power Optimization                                               ; Normal compilation ; Normal compilation ;
; HDL message level                                                          ; Level2             ; Level2             ;
; Suppress Register Optimization Related Messages                            ; Off                ; Off                ;
; Number of Removed Registers Reported in Synthesis Report                   ; 5000               ; 5000               ;
; Number of Swept Nodes Reported in Synthesis Report                         ; 5000               ; 5000               ;
; Number of Inverted Registers Reported in Synthesis Report                  ; 100                ; 100                ;
; Clock MUX Protection                                                       ; On                 ; On                 ;
; Auto Gated Clock Conversion                                                ; Off                ; Off                ;
; Block Design Naming                                                        ; Auto               ; Auto               ;
; SDC constraint protection                                                  ; Off                ; Off                ;
; Synthesis Effort                                                           ; Auto               ; Auto               ;
; Shift Register Replacement - Allow Asynchronous Clear Signal               ; On                 ; On                 ;
; Pre-Mapping Resynthesis Optimization                                       ; Off                ; Off                ;
; Analysis & Synthesis Message Level                                         ; Medium             ; Medium             ;
; Disable Register Merging Across Hierarchies                                ; Auto               ; Auto               ;
; Resource Aware Inference For Block RAM                                     ; On                 ; On                 ;
; Synthesis Seed                                                             ; 1                  ; 1                  ;
+----------------------------------------------------------------------------+--------------------+--------------------+


+------------------------------------------+
; Parallel Compilation                     ;
+----------------------------+-------------+
; Processors                 ; Number      ;
+----------------------------+-------------+
; Number detected on machine ; 8           ;
; Maximum allowed            ; 4           ;
;                            ;             ;
; Average used               ; 1.00        ;
; Maximum used               ; 4           ;
;                            ;             ;
; Usage by Processor         ; % Time Used ;
;     Processor 1            ; 100.0%      ;
;     Processors 2-4         ; < 0.1%      ;
;     Processors 5-8         ;   0.0%      ;
+----------------------------+-------------+


+------------------------------------------------------------------------------------------------------------------------------------------------------------------+
; Analysis & Synthesis Source Files Read                                                                                                                           ;
+----------------------------------+-----------------+------------------------------+--------------------------------------------------------------------+---------+
; File Name with User-Entered Path ; Used in Netlist ; File Type                    ; File Name with Absolute Path                                       ; Library ;
+----------------------------------+-----------------+------------------------------+--------------------------------------------------------------------+---------+
; ../rtl/fre_meter.v               ; yes             ; User Verilog HDL File        ; E:/Desktop/cc42_GH_wendang/cc4/rtl/fre_meter.v                     ;         ;
; ../rtl/meter.v                   ; yes             ; User Verilog HDL File        ; E:/Desktop/cc42_GH_wendang/cc4/rtl/meter.v                         ;         ;
; ../rtl/clk_div.v                 ; yes             ; User Verilog HDL File        ; E:/Desktop/cc42_GH_wendang/cc4/rtl/clk_div.v                       ;         ;
; ../rtl/uart_send.v               ; yes             ; User Verilog HDL File        ; E:/Desktop/cc42_GH_wendang/cc4/rtl/uart_send.v                     ;         ;
; ../rtl/dir.v                     ; yes             ; User Verilog HDL File        ; E:/Desktop/cc42_GH_wendang/cc4/rtl/dir.v                           ;         ;
; ../rtl/data.v                    ; yes             ; User Verilog HDL File        ; E:/Desktop/cc42_GH_wendang/cc4/rtl/data.v                          ;         ;
; lpm_divide.tdf                   ; yes             ; Megafunction                 ; e:/altera/13.1/quartus/libraries/megafunctions/lpm_divide.tdf      ;         ;
; abs_divider.inc                  ; yes             ; Megafunction                 ; e:/altera/13.1/quartus/libraries/megafunctions/abs_divider.inc     ;         ;
; sign_div_unsign.inc              ; yes             ; Megafunction                 ; e:/altera/13.1/quartus/libraries/megafunctions/sign_div_unsign.inc ;         ;
; aglobal131.inc                   ; yes             ; Megafunction                 ; e:/altera/13.1/quartus/libraries/megafunctions/aglobal131.inc      ;         ;
; db/lpm_divide_pkm.tdf            ; yes             ; Auto-Generated Megafunction  ; E:/Desktop/cc42_GH_wendang/cc4/par/db/lpm_divide_pkm.tdf           ;         ;
; db/sign_div_unsign_hnh.tdf       ; yes             ; Auto-Generated Megafunction  ; E:/Desktop/cc42_GH_wendang/cc4/par/db/sign_div_unsign_hnh.tdf      ;         ;
; db/alt_u_div_maf.tdf             ; yes             ; Auto-Generated Megafunction  ; E:/Desktop/cc42_GH_wendang/cc4/par/db/alt_u_div_maf.tdf            ;         ;
; db/add_sub_7pc.tdf               ; yes             ; Auto-Generated Megafunction  ; E:/Desktop/cc42_GH_wendang/cc4/par/db/add_sub_7pc.tdf              ;         ;
; db/add_sub_8pc.tdf               ; yes             ; Auto-Generated Megafunction  ; E:/Desktop/cc42_GH_wendang/cc4/par/db/add_sub_8pc.tdf              ;         ;
+----------------------------------+-----------------+------------------------------+--------------------------------------------------------------------+---------+


+---------------------------------------------------------------+
; Analysis & Synthesis Resource Usage Summary                   ;
+---------------------------------------------+-----------------+
; Resource                                    ; Usage           ;
+---------------------------------------------+-----------------+
; Estimated Total logic elements              ; 6,151           ;
;                                             ;                 ;
; Total combinational functions               ; 6058            ;
; Logic element usage by number of LUT inputs ;                 ;
;     -- 4 input functions                    ; 2530            ;
;     -- 3 input functions                    ; 3020            ;
;     -- <=2 input functions                  ; 508             ;
;                                             ;                 ;
; Logic elements by mode                      ;                 ;
;     -- normal mode                          ; 3212            ;
;     -- arithmetic mode                      ; 2846            ;
;                                             ;                 ;
; Total registers                             ; 535             ;
;     -- Dedicated logic registers            ; 535             ;
;     -- I/O registers                        ; 0               ;
;                                             ;                 ;
; I/O pins                                    ; 11              ;
; Embedded Multiplier 9-bit elements          ; 0               ;
; Maximum fan-out node                        ; sys_rst_n~input ;
; Maximum fan-out                             ; 528             ;
; Total fan-out                               ; 21778           ;
; Average fan-out                             ; 3.29            ;
+---------------------------------------------+-----------------+


+--------------------------------------------------------------------------------------------------------------------------------------------------------------------------------------------------------------------------------------------------------------------------------------------------+
; Analysis & Synthesis Resource Utilization by Entity                                                                                                                                                                                                                                              ;
+-------------------------------------------+-------------------+--------------+-------------+--------------+---------+-----------+------+--------------+---------------------------------------------------------------------------------------------------------------------------+--------------+
; Compilation Hierarchy Node                ; LC Combinationals ; LC Registers ; Memory Bits ; DSP Elements ; DSP 9x9 ; DSP 18x18 ; Pins ; Virtual Pins ; Full Hierarchy Name                                                                                                       ; Library Name ;
+-------------------------------------------+-------------------+--------------+-------------+--------------+---------+-----------+------+--------------+---------------------------------------------------------------------------------------------------------------------------+--------------+
; |fre_meter                                ; 6058 (0)          ; 535 (0)      ; 0           ; 0            ; 0       ; 0         ; 11   ; 0            ; |fre_meter                                                                                                                ; work         ;
;    |clk_div:u_clk_div_data|               ; 31 (31)           ; 21 (21)      ; 0           ; 0            ; 0       ; 0         ; 0    ; 0            ; |fre_meter|clk_div:u_clk_div_data                                                                                         ; work         ;
;    |clk_div:u_clk_div_sam|                ; 33 (33)           ; 21 (21)      ; 0           ; 0            ; 0       ; 0         ; 0    ; 0            ; |fre_meter|clk_div:u_clk_div_sam                                                                                          ; work         ;
;    |data:u_data0|                         ; 126 (126)         ; 101 (101)    ; 0           ; 0            ; 0       ; 0         ; 0    ; 0            ; |fre_meter|data:u_data0                                                                                                   ; work         ;
;    |dir:u_dir0|                           ; 0 (0)             ; 1 (1)        ; 0           ; 0            ; 0       ; 0         ; 0    ; 0            ; |fre_meter|dir:u_dir0                                                                                                     ; work         ;
;    |dir:u_dir1|                           ; 0 (0)             ; 1 (1)        ; 0           ; 0            ; 0       ; 0         ; 0    ; 0            ; |fre_meter|dir:u_dir1                                                                                                     ; work         ;
;    |dir:u_dir2|                           ; 0 (0)             ; 1 (1)        ; 0           ; 0            ; 0       ; 0         ; 0    ; 0            ; |fre_meter|dir:u_dir2                                                                                                     ; work         ;
;    |dir:u_dir3|                           ; 0 (0)             ; 1 (1)        ; 0           ; 0            ; 0       ; 0         ; 0    ; 0            ; |fre_meter|dir:u_dir3                                                                                                     ; work         ;
;    |meter:u_meter0|                       ; 1455 (125)        ; 89 (89)      ; 0           ; 0            ; 0       ; 0         ; 0    ; 0            ; |fre_meter|meter:u_meter0                                                                                                 ; work         ;
;       |lpm_divide:Div0|                   ; 1330 (0)          ; 0 (0)        ; 0           ; 0            ; 0       ; 0         ; 0    ; 0            ; |fre_meter|meter:u_meter0|lpm_divide:Div0                                                                                 ; work         ;
;          |lpm_divide_pkm:auto_generated|  ; 1330 (0)          ; 0 (0)        ; 0           ; 0            ; 0       ; 0         ; 0    ; 0            ; |fre_meter|meter:u_meter0|lpm_divide:Div0|lpm_divide_pkm:auto_generated                                                   ; work         ;
;             |sign_div_unsign_hnh:divider| ; 1330 (0)          ; 0 (0)        ; 0           ; 0            ; 0       ; 0         ; 0    ; 0            ; |fre_meter|meter:u_meter0|lpm_divide:Div0|lpm_divide_pkm:auto_generated|sign_div_unsign_hnh:divider                       ; work         ;
;                |alt_u_div_maf:divider|    ; 1330 (1330)       ; 0 (0)        ; 0           ; 0            ; 0       ; 0         ; 0    ; 0            ; |fre_meter|meter:u_meter0|lpm_divide:Div0|lpm_divide_pkm:auto_generated|sign_div_unsign_hnh:divider|alt_u_div_maf:divider ; work         ;
;    |meter:u_meter1|                       ; 1454 (124)        ; 89 (89)      ; 0           ; 0            ; 0       ; 0         ; 0    ; 0            ; |fre_meter|meter:u_meter1                                                                                                 ; work         ;
;       |lpm_divide:Div0|                   ; 1330 (0)          ; 0 (0)        ; 0           ; 0            ; 0       ; 0         ; 0    ; 0            ; |fre_meter|meter:u_meter1|lpm_divide:Div0                                                                                 ; work         ;
;          |lpm_divide_pkm:auto_generated|  ; 1330 (0)          ; 0 (0)        ; 0           ; 0            ; 0       ; 0         ; 0    ; 0            ; |fre_meter|meter:u_meter1|lpm_divide:Div0|lpm_divide_pkm:auto_generated                                                   ; work         ;
;             |sign_div_unsign_hnh:divider| ; 1330 (0)          ; 0 (0)        ; 0           ; 0            ; 0       ; 0         ; 0    ; 0            ; |fre_meter|meter:u_meter1|lpm_divide:Div0|lpm_divide_pkm:auto_generated|sign_div_unsign_hnh:divider                       ; work         ;
;                |alt_u_div_maf:divider|    ; 1330 (1330)       ; 0 (0)        ; 0           ; 0            ; 0       ; 0         ; 0    ; 0            ; |fre_meter|meter:u_meter1|lpm_divide:Div0|lpm_divide_pkm:auto_generated|sign_div_unsign_hnh:divider|alt_u_div_maf:divider ; work         ;
;    |meter:u_meter2|                       ; 1454 (124)        ; 89 (89)      ; 0           ; 0            ; 0       ; 0         ; 0    ; 0            ; |fre_meter|meter:u_meter2                                                                                                 ; work         ;
;       |lpm_divide:Div0|                   ; 1330 (0)          ; 0 (0)        ; 0           ; 0            ; 0       ; 0         ; 0    ; 0            ; |fre_meter|meter:u_meter2|lpm_divide:Div0                                                                                 ; work         ;
;          |lpm_divide_pkm:auto_generated|  ; 1330 (0)          ; 0 (0)        ; 0           ; 0            ; 0       ; 0         ; 0    ; 0            ; |fre_meter|meter:u_meter2|lpm_divide:Div0|lpm_divide_pkm:auto_generated                                                   ; work         ;
;             |sign_div_unsign_hnh:divider| ; 1330 (0)          ; 0 (0)        ; 0           ; 0            ; 0       ; 0         ; 0    ; 0            ; |fre_meter|meter:u_meter2|lpm_divide:Div0|lpm_divide_pkm:auto_generated|sign_div_unsign_hnh:divider                       ; work         ;
;                |alt_u_div_maf:divider|    ; 1330 (1330)       ; 0 (0)        ; 0           ; 0            ; 0       ; 0         ; 0    ; 0            ; |fre_meter|meter:u_meter2|lpm_divide:Div0|lpm_divide_pkm:auto_generated|sign_div_unsign_hnh:divider|alt_u_div_maf:divider ; work         ;
;    |meter:u_meter3|                       ; 1455 (125)        ; 89 (89)      ; 0           ; 0            ; 0       ; 0         ; 0    ; 0            ; |fre_meter|meter:u_meter3                                                                                                 ; work         ;
;       |lpm_divide:Div0|                   ; 1330 (0)          ; 0 (0)        ; 0           ; 0            ; 0       ; 0         ; 0    ; 0            ; |fre_meter|meter:u_meter3|lpm_divide:Div0                                                                                 ; work         ;
;          |lpm_divide_pkm:auto_generated|  ; 1330 (0)          ; 0 (0)        ; 0           ; 0            ; 0       ; 0         ; 0    ; 0            ; |fre_meter|meter:u_meter3|lpm_divide:Div0|lpm_divide_pkm:auto_generated                                                   ; work         ;
;             |sign_div_unsign_hnh:divider| ; 1330 (0)          ; 0 (0)        ; 0           ; 0            ; 0       ; 0         ; 0    ; 0            ; |fre_meter|meter:u_meter3|lpm_divide:Div0|lpm_divide_pkm:auto_generated|sign_div_unsign_hnh:divider                       ; work         ;
;                |alt_u_div_maf:divider|    ; 1330 (1330)       ; 0 (0)        ; 0           ; 0            ; 0       ; 0         ; 0    ; 0            ; |fre_meter|meter:u_meter3|lpm_divide:Div0|lpm_divide_pkm:auto_generated|sign_div_unsign_hnh:divider|alt_u_div_maf:divider ; work         ;
;    |uart_send:u_uart_send|                ; 50 (50)           ; 32 (32)      ; 0           ; 0            ; 0       ; 0         ; 0    ; 0            ; |fre_meter|uart_send:u_uart_send                                                                                          ; work         ;
+-------------------------------------------+-------------------+--------------+-------------+--------------+---------+-----------+------+--------------+---------------------------------------------------------------------------------------------------------------------------+--------------+
Note: For table entries with two numbers listed, the numbers in parentheses indicate the number of resources of the given type used by the specific entity alone. The numbers listed outside of parentheses indicate the total resources of the given type used by the specific entity and all of its sub-entities in the hierarchy.


+--------------------------------------------------------------------------------+
; Registers Removed During Synthesis                                             ;
+---------------------------------------+----------------------------------------+
; Register name                         ; Reason for Removal                     ;
+---------------------------------------+----------------------------------------+
; data:u_data0|next_state[5]            ; Stuck at GND due to stuck port data_in ;
; Total Number of Removed Registers = 1 ;                                        ;
+---------------------------------------+----------------------------------------+


+------------------------------------------------------+
; General Register Statistics                          ;
+----------------------------------------------+-------+
; Statistic                                    ; Value ;
+----------------------------------------------+-------+
; Total registers                              ; 535   ;
; Number of registers using Synchronous Clear  ; 16    ;
; Number of registers using Synchronous Load   ; 0     ;
; Number of registers using Asynchronous Clear ; 383   ;
; Number of registers using Asynchronous Load  ; 0     ;
; Number of registers using Clock Enable       ; 380   ;
; Number of registers using Preset             ; 0     ;
+----------------------------------------------+-------+


+--------------------------------------------------+
; Inverted Register Statistics                     ;
+----------------------------------------+---------+
; Inverted Register                      ; Fan out ;
+----------------------------------------+---------+
; uart_send:u_uart_send|uart_txd         ; 3       ;
; Total number of inverted registers = 1 ;         ;
+----------------------------------------+---------+


+-----------------------------------------------------------------------------------------------------------------------------------------------------------+
; Multiplexer Restructuring Statistics (Restructuring Performed)                                                                                            ;
+--------------------+-----------+---------------+----------------------+------------------------+------------+---------------------------------------------+
; Multiplexer Inputs ; Bus Width ; Baseline Area ; Area if Restructured ; Saving if Restructured ; Registered ; Example Multiplexer Output                  ;
+--------------------+-----------+---------------+----------------------+------------------------+------------+---------------------------------------------+
; 3:1                ; 8 bits    ; 16 LEs        ; 8 LEs                ; 8 LEs                  ; Yes        ; |fre_meter|uart_send:u_uart_send|tx_data[3] ;
; 3:1                ; 16 bits   ; 32 LEs        ; 16 LEs               ; 16 LEs                 ; Yes        ; |fre_meter|uart_send:u_uart_send|clk_cnt[0] ;
; 3:1                ; 4 bits    ; 8 LEs         ; 4 LEs                ; 4 LEs                  ; Yes        ; |fre_meter|uart_send:u_uart_send|tx_cnt[0]  ;
; 16:1               ; 8 bits    ; 80 LEs        ; 64 LEs               ; 16 LEs                 ; Yes        ; |fre_meter|data:u_data0|uart_data[0]        ;
+--------------------+-----------+---------------+----------------------+------------------------+------------+---------------------------------------------+


+---------------------------------------------------------------------------+
; Parameter Settings for User Entity Instance: Top-level Entity: |fre_meter ;
+----------------+----------+-----------------------------------------------+
; Parameter Name ; Value    ; Type                                          ;
+----------------+----------+-----------------------------------------------+
; CLK_FREQ       ; 50000000 ; Signed Integer                                ;
; UART_BPS       ; 115200   ; Signed Integer                                ;
+----------------+----------+-----------------------------------------------+
Note: In order to hide this table in the UI and the text report file, please set the "Show Parameter Settings in Synthesis Report" option in "Analysis and Synthesis Settings -> More Settings" to "Off".


+---------------------------------------------------------------------+
; Parameter Settings for User Entity Instance: clk_div:u_clk_div_data ;
+----------------+--------+-------------------------------------------+
; Parameter Name ; Value  ; Type                                      ;
+----------------+--------+-------------------------------------------+
; DIV_N          ; 110010 ; Unsigned Binary                           ;
+----------------+--------+-------------------------------------------+
Note: In order to hide this table in the UI and the text report file, please set the "Show Parameter Settings in Synthesis Report" option in "Analysis and Synthesis Settings -> More Settings" to "Off".


+--------------------------------------------------------------------+
; Parameter Settings for User Entity Instance: clk_div:u_clk_div_sam ;
+----------------+----------------------+----------------------------+
; Parameter Name ; Value                ; Type                       ;
+----------------+----------------------+----------------------------+
; DIV_N          ; 00000001001110001000 ; Unsigned Binary            ;
+----------------+----------------------+----------------------------+
Note: In order to hide this table in the UI and the text report file, please set the "Show Parameter Settings in Synthesis Report" option in "Analysis and Synthesis Settings -> More Settings" to "Off".


+-----------------------------------------------------------+
; Parameter Settings for User Entity Instance: data:u_data0 ;
+----------------+--------+---------------------------------+
; Parameter Name ; Value  ; Type                            ;
+----------------+--------+---------------------------------+
; s00            ; 000000 ; Unsigned Binary                 ;
; s01            ; 000001 ; Unsigned Binary                 ;
; s02            ; 000010 ; Unsigned Binary                 ;
; s03            ; 000011 ; Unsigned Binary                 ;
; s04            ; 000100 ; Unsigned Binary                 ;
; s05            ; 000101 ; Unsigned Binary                 ;
; s06            ; 000110 ; Unsigned Binary                 ;
; s07            ; 000111 ; Unsigned Binary                 ;
; s08            ; 001000 ; Unsigned Binary                 ;
; s09            ; 001001 ; Unsigned Binary                 ;
; s10            ; 001010 ; Unsigned Binary                 ;
; s11            ; 001011 ; Unsigned Binary                 ;
; s12            ; 001100 ; Unsigned Binary                 ;
; s13            ; 001101 ; Unsigned Binary                 ;
; s14            ; 001110 ; Unsigned Binary                 ;
; s15            ; 001111 ; Unsigned Binary                 ;
; s16            ; 010000 ; Unsigned Binary                 ;
; s17            ; 010001 ; Unsigned Binary                 ;
; s18            ; 010010 ; Unsigned Binary                 ;
; s19            ; 010011 ; Unsigned Binary                 ;
; s20            ; 010100 ; Unsigned Binary                 ;
; s21            ; 010101 ; Unsigned Binary                 ;
; s22            ; 010110 ; Unsigned Binary                 ;
; s23            ; 010111 ; Unsigned Binary                 ;
; s24            ; 011000 ; Unsigned Binary                 ;
; s25            ; 011001 ; Unsigned Binary                 ;
; s26            ; 011010 ; Unsigned Binary                 ;
; s27            ; 011011 ; Unsigned Binary                 ;
; s28            ; 011100 ; Unsigned Binary                 ;
; s29            ; 011101 ; Unsigned Binary                 ;
; s30            ; 011110 ; Unsigned Binary                 ;
; s31            ; 011111 ; Unsigned Binary                 ;
; s32            ; 100000 ; Unsigned Binary                 ;
; s33            ; 100001 ; Unsigned Binary                 ;
; s34            ; 100010 ; Unsigned Binary                 ;
; s35            ; 100011 ; Unsigned Binary                 ;
; s36            ; 100100 ; Unsigned Binary                 ;
; s37            ; 100101 ; Unsigned Binary                 ;
; s38            ; 100110 ; Unsigned Binary                 ;
; s39            ; 100111 ; Unsigned Binary                 ;
; s40            ; 101000 ; Unsigned Binary                 ;
; s41            ; 101001 ; Unsigned Binary                 ;
; s42            ; 101010 ; Unsigned Binary                 ;
; s43            ; 101011 ; Unsigned Binary                 ;
; s44            ; 101100 ; Unsigned Binary                 ;
; s45            ; 101101 ; Unsigned Binary                 ;
; s46            ; 101110 ; Unsigned Binary                 ;
; s47            ; 101111 ; Unsigned Binary                 ;
; s48            ; 110000 ; Unsigned Binary                 ;
; s49            ; 110001 ; Unsigned Binary                 ;
; s50            ; 110010 ; Unsigned Binary                 ;
; s51            ; 110011 ; Unsigned Binary                 ;
+----------------+--------+---------------------------------+
Note: In order to hide this table in the UI and the text report file, please set the "Show Parameter Settings in Synthesis Report" option in "Analysis and Synthesis Settings -> More Settings" to "Off".


+--------------------------------------------------------------------+
; Parameter Settings for User Entity Instance: uart_send:u_uart_send ;
+----------------+----------+----------------------------------------+
; Parameter Name ; Value    ; Type                                   ;
+----------------+----------+----------------------------------------+
; CLK_FREQ       ; 50000000 ; Signed Integer                         ;
; UART_BPS       ; 115200   ; Signed Integer                         ;
+----------------+----------+----------------------------------------+
Note: In order to hide this table in the UI and the text report file, please set the "Show Parameter Settings in Synthesis Report" option in "Analysis and Synthesis Settings -> More Settings" to "Off".


+---------------------------------------------------------------------------------+
; Parameter Settings for Inferred Entity Instance: meter:u_meter1|lpm_divide:Div0 ;
+------------------------+----------------+---------------------------------------+
; Parameter Name         ; Value          ; Type                                  ;
+------------------------+----------------+---------------------------------------+
; LPM_WIDTHN             ; 27             ; Untyped                               ;
; LPM_WIDTHD             ; 36             ; Untyped                               ;
; LPM_NREPRESENTATION    ; UNSIGNED       ; Untyped                               ;
; LPM_DREPRESENTATION    ; UNSIGNED       ; Untyped                               ;
; LPM_PIPELINE           ; 0              ; Untyped                               ;
; LPM_REMAINDERPOSITIVE  ; TRUE           ; Untyped                               ;
; MAXIMIZE_SPEED         ; 5              ; Untyped                               ;
; CBXI_PARAMETER         ; lpm_divide_pkm ; Untyped                               ;
; CARRY_CHAIN            ; MANUAL         ; Untyped                               ;
; OPTIMIZE_FOR_SPEED     ; 5              ; Untyped                               ;
; AUTO_CARRY_CHAINS      ; ON             ; AUTO_CARRY                            ;
; IGNORE_CARRY_BUFFERS   ; OFF            ; IGNORE_CARRY                          ;
; AUTO_CASCADE_CHAINS    ; ON             ; AUTO_CASCADE                          ;
; IGNORE_CASCADE_BUFFERS ; OFF            ; IGNORE_CASCADE                        ;
+------------------------+----------------+---------------------------------------+
Note: In order to hide this table in the UI and the text report file, please set the "Show Parameter Settings in Synthesis Report" option in "Analysis and Synthesis Settings -> More Settings" to "Off".


+---------------------------------------------------------------------------------+
; Parameter Settings for Inferred Entity Instance: meter:u_meter3|lpm_divide:Div0 ;
+------------------------+----------------+---------------------------------------+
; Parameter Name         ; Value          ; Type                                  ;
+------------------------+----------------+---------------------------------------+
; LPM_WIDTHN             ; 27             ; Untyped                               ;
; LPM_WIDTHD             ; 36             ; Untyped                               ;
; LPM_NREPRESENTATION    ; UNSIGNED       ; Untyped                               ;
; LPM_DREPRESENTATION    ; UNSIGNED       ; Untyped                               ;
; LPM_PIPELINE           ; 0              ; Untyped                               ;
; LPM_REMAINDERPOSITIVE  ; TRUE           ; Untyped                               ;
; MAXIMIZE_SPEED         ; 5              ; Untyped                               ;
; CBXI_PARAMETER         ; lpm_divide_pkm ; Untyped                               ;
; CARRY_CHAIN            ; MANUAL         ; Untyped                               ;
; OPTIMIZE_FOR_SPEED     ; 5              ; Untyped                               ;
; AUTO_CARRY_CHAINS      ; ON             ; AUTO_CARRY                            ;
; IGNORE_CARRY_BUFFERS   ; OFF            ; IGNORE_CARRY                          ;
; AUTO_CASCADE_CHAINS    ; ON             ; AUTO_CASCADE                          ;
; IGNORE_CASCADE_BUFFERS ; OFF            ; IGNORE_CASCADE                        ;
+------------------------+----------------+---------------------------------------+
Note: In order to hide this table in the UI and the text report file, please set the "Show Parameter Settings in Synthesis Report" option in "Analysis and Synthesis Settings -> More Settings" to "Off".


+---------------------------------------------------------------------------------+
; Parameter Settings for Inferred Entity Instance: meter:u_meter2|lpm_divide:Div0 ;
+------------------------+----------------+---------------------------------------+
; Parameter Name         ; Value          ; Type                                  ;
+------------------------+----------------+---------------------------------------+
; LPM_WIDTHN             ; 27             ; Untyped                               ;
; LPM_WIDTHD             ; 36             ; Untyped                               ;
; LPM_NREPRESENTATION    ; UNSIGNED       ; Untyped                               ;
; LPM_DREPRESENTATION    ; UNSIGNED       ; Untyped                               ;
; LPM_PIPELINE           ; 0              ; Untyped                               ;
; LPM_REMAINDERPOSITIVE  ; TRUE           ; Untyped                               ;
; MAXIMIZE_SPEED         ; 5              ; Untyped                               ;
; CBXI_PARAMETER         ; lpm_divide_pkm ; Untyped                               ;
; CARRY_CHAIN            ; MANUAL         ; Untyped                               ;
; OPTIMIZE_FOR_SPEED     ; 5              ; Untyped                               ;
; AUTO_CARRY_CHAINS      ; ON             ; AUTO_CARRY                            ;
; IGNORE_CARRY_BUFFERS   ; OFF            ; IGNORE_CARRY                          ;
; AUTO_CASCADE_CHAINS    ; ON             ; AUTO_CASCADE                          ;
; IGNORE_CASCADE_BUFFERS ; OFF            ; IGNORE_CASCADE                        ;
+------------------------+----------------+---------------------------------------+
Note: In order to hide this table in the UI and the text report file, please set the "Show Parameter Settings in Synthesis Report" option in "Analysis and Synthesis Settings -> More Settings" to "Off".


+---------------------------------------------------------------------------------+
; Parameter Settings for Inferred Entity Instance: meter:u_meter0|lpm_divide:Div0 ;
+------------------------+----------------+---------------------------------------+
; Parameter Name         ; Value          ; Type                                  ;
+------------------------+----------------+---------------------------------------+
; LPM_WIDTHN             ; 27             ; Untyped                               ;
; LPM_WIDTHD             ; 36             ; Untyped                               ;
; LPM_NREPRESENTATION    ; UNSIGNED       ; Untyped                               ;
; LPM_DREPRESENTATION    ; UNSIGNED       ; Untyped                               ;
; LPM_PIPELINE           ; 0              ; Untyped                               ;
; LPM_REMAINDERPOSITIVE  ; TRUE           ; Untyped                               ;
; MAXIMIZE_SPEED         ; 5              ; Untyped                               ;
; CBXI_PARAMETER         ; lpm_divide_pkm ; Untyped                               ;
; CARRY_CHAIN            ; MANUAL         ; Untyped                               ;
; OPTIMIZE_FOR_SPEED     ; 5              ; Untyped                               ;
; AUTO_CARRY_CHAINS      ; ON             ; AUTO_CARRY                            ;
; IGNORE_CARRY_BUFFERS   ; OFF            ; IGNORE_CARRY                          ;
; AUTO_CASCADE_CHAINS    ; ON             ; AUTO_CASCADE                          ;
; IGNORE_CASCADE_BUFFERS ; OFF            ; IGNORE_CASCADE                        ;
+------------------------+----------------+---------------------------------------+
Note: In order to hide this table in the UI and the text report file, please set the "Show Parameter Settings in Synthesis Report" option in "Analysis and Synthesis Settings -> More Settings" to "Off".


+-------------------------------------------------------------------------------------------------------------------+
; Port Connectivity Checks: "uart_send:u_uart_send"                                                                 ;
+---------+--------+----------+-------------------------------------------------------------------------------------+
; Port    ; Type   ; Severity ; Details                                                                             ;
+---------+--------+----------+-------------------------------------------------------------------------------------+
; en_flag ; Output ; Info     ; Connected to dangling logic. Logic that only feeds a dangling port will be removed. ;
; tx_flag ; Output ; Info     ; Connected to dangling logic. Logic that only feeds a dangling port will be removed. ;
; clk_cnt ; Output ; Info     ; Connected to dangling logic. Logic that only feeds a dangling port will be removed. ;
+---------+--------+----------+-------------------------------------------------------------------------------------+


+-------------------------------------------------------------------------------------------------------------------------+
; Port Connectivity Checks: "data:u_data0"                                                                                ;
+---------------+--------+----------+-------------------------------------------------------------------------------------+
; Port          ; Type   ; Severity ; Details                                                                             ;
+---------------+--------+----------+-------------------------------------------------------------------------------------+
; current_state ; Output ; Info     ; Connected to dangling logic. Logic that only feeds a dangling port will be removed. ;
; next_state    ; Output ; Info     ; Connected to dangling logic. Logic that only feeds a dangling port will be removed. ;
+---------------+--------+----------+-------------------------------------------------------------------------------------+


+-------------------------------+
; Elapsed Time Per Partition    ;
+----------------+--------------+
; Partition Name ; Elapsed Time ;
+----------------+--------------+
; Top            ; 00:00:20     ;
+----------------+--------------+


+-------------------------------+
; Analysis & Synthesis Messages ;
+-------------------------------+
Info: *******************************************************************
Info: Running Quartus II 64-Bit Analysis & Synthesis
    Info: Version 13.1.0 Build 162 10/23/2013 SJ Full Version
    Info: Processing started: Fri Aug 02 11:55:34 2019
Info: Command: quartus_map --read_settings_files=on --write_settings_files=off fre_meter -c fre_meter
Info (11104): Parallel Compilation has detected 8 hyper-threaded processors. However, the extra hyper-threaded processors will not be used by default. Parallel Compilation will use 4 of the 4 physical processors detected instead.
Info (12021): Found 1 design units, including 1 entities, in source file /desktop/cc42_gh_wendang/cc4/rtl/fre_meter.v
    Info (12023): Found entity 1: fre_meter
Info (12021): Found 1 design units, including 1 entities, in source file /desktop/cc42_gh_wendang/cc4/rtl/meter.v
    Info (12023): Found entity 1: meter
Info (12021): Found 1 design units, including 1 entities, in source file /desktop/cc42_gh_wendang/cc4/rtl/clk_div.v
    Info (12023): Found entity 1: clk_div
Info (12021): Found 1 design units, including 1 entities, in source file /desktop/cc42_gh_wendang/cc4/rtl/uart_send.v
    Info (12023): Found entity 1: uart_send
Info (12021): Found 1 design units, including 1 entities, in source file /desktop/cc42_gh_wendang/cc4/rtl/dir.v
    Info (12023): Found entity 1: dir
Info (12021): Found 1 design units, including 1 entities, in source file /desktop/cc42_gh_wendang/cc4/rtl/data.v
    Info (12023): Found entity 1: data
Warning (10236): Verilog HDL Implicit Net warning at fre_meter.v(147): created implicit net for "clk_out"
Info (12127): Elaborating entity "fre_meter" for the top level hierarchy
Info (12128): Elaborating entity "clk_div" for hierarchy "clk_div:u_clk_div_data"
Info (12128): Elaborating entity "clk_div" for hierarchy "clk_div:u_clk_div_sam"
Info (12128): Elaborating entity "meter" for hierarchy "meter:u_meter0"
Warning (10036): Verilog HDL or VHDL warning at meter.v(12): object "flag" assigned a value but never read
Warning (10230): Verilog HDL assignment warning at meter.v(38): truncated value with size 36 to match size of target (15)
Info (12128): Elaborating entity "dir" for hierarchy "dir:u_dir0"
Info (12128): Elaborating entity "data" for hierarchy "data:u_data0"
Info (12128): Elaborating entity "uart_send" for hierarchy "uart_send:u_uart_send"
Warning (10036): Verilog HDL or VHDL warning at uart_send.v(29): object "current_state" assigned a value but never read
Warning (10036): Verilog HDL or VHDL warning at uart_send.v(29): object "next_state" assigned a value but never read
Info (278001): Inferred 4 megafunctions from design logic
    Info (278004): Inferred divider/modulo megafunction ("lpm_divide") from the following logic: "meter:u_meter1|Div0"
    Info (278004): Inferred divider/modulo megafunction ("lpm_divide") from the following logic: "meter:u_meter3|Div0"
    Info (278004): Inferred divider/modulo megafunction ("lpm_divide") from the following logic: "meter:u_meter2|Div0"
    Info (278004): Inferred divider/modulo megafunction ("lpm_divide") from the following logic: "meter:u_meter0|Div0"
Info (12130): Elaborated megafunction instantiation "meter:u_meter1|lpm_divide:Div0"
Info (12133): Instantiated megafunction "meter:u_meter1|lpm_divide:Div0" with the following parameter:
    Info (12134): Parameter "LPM_WIDTHN" = "27"
    Info (12134): Parameter "LPM_WIDTHD" = "36"
    Info (12134): Parameter "LPM_NREPRESENTATION" = "UNSIGNED"
    Info (12134): Parameter "LPM_DREPRESENTATION" = "UNSIGNED"
Info (12021): Found 1 design units, including 1 entities, in source file db/lpm_divide_pkm.tdf
    Info (12023): Found entity 1: lpm_divide_pkm
Info (12021): Found 1 design units, including 1 entities, in source file db/sign_div_unsign_hnh.tdf
    Info (12023): Found entity 1: sign_div_unsign_hnh
Info (12021): Found 1 design units, including 1 entities, in source file db/alt_u_div_maf.tdf
    Info (12023): Found entity 1: alt_u_div_maf
Info (12021): Found 1 design units, including 1 entities, in source file db/add_sub_7pc.tdf
    Info (12023): Found entity 1: add_sub_7pc
Info (12021): Found 1 design units, including 1 entities, in source file db/add_sub_8pc.tdf
    Info (12023): Found entity 1: add_sub_8pc
Info (13000): Registers with preset signals will power-up high
Info (13003): DEV_CLRn pin will set, and not reset, register with preset signal due to NOT Gate Push-Back
Info (286030): Timing-Driven Synthesis is running
Info (144001): Generated suppressed messages file E:/Desktop/cc42_GH_wendang/cc4/par/output_files/fre_meter.map.smsg
Info (16010): Generating hard_block partition "hard_block:auto_generated_inst"
    Info (16011): Adding 0 node(s), including 0 DDIO, 0 PLL, 0 transceiver and 0 LCELL
Info (21057): Implemented 6306 device resources after synthesis - the final resource count might be different
    Info (21058): Implemented 10 input pins
    Info (21059): Implemented 1 output pins
    Info (21061): Implemented 6295 logic cells
Info: Quartus II 64-Bit Analysis & Synthesis was successful. 0 errors, 5 warnings
    Info: Peak virtual memory: 4715 megabytes
    Info: Processing ended: Fri Aug 02 11:55:57 2019
    Info: Elapsed time: 00:00:23
    Info: Total CPU time (on all processors): 00:00:23


+------------------------------------------+
; Analysis & Synthesis Suppressed Messages ;
+------------------------------------------+
The suppressed messages can be found in E:/Desktop/cc42_GH_wendang/cc4/par/output_files/fre_meter.map.smsg.


